The target system is: Emscripten - 1 - x86
The host system is: Windows - 10.0.16299 - AMD64
Determining if the pthread_create exist passed with the following output:
Change Dir: D:/rewrite/CMakeFiles/CMakeTmp

Run Build Command:"C:/MinGW/bin/mingw32-make.exe" "cmTC_8e3ca/fast"
C:/MinGW/bin/mingw32-make.exe -f CMakeFiles\cmTC_8e3ca.dir\build.make CMakeFiles/cmTC_8e3ca.dir/build
mingw32-make.exe[1]: Entering directory 'D:/rewrite/CMakeFiles/CMakeTmp'
Building C object CMakeFiles/cmTC_8e3ca.dir/CheckSymbolExists.c.o
C:\Users\redmar\Downloads\emsdk-portable\emsdk\emscripten\1.37.38\emcc.bat   -s ERROR_ON_UNDEFINED_SYMBOLS=1   -o CMakeFiles\cmTC_8e3ca.dir\CheckSymbolExists.c.o   -c D:\rewrite\CMakeFiles\CMakeTmp\CheckSymbolExists.c
Linking C executable cmTC_8e3ca.js
"C:\Program Files\CMake\bin\cmake.exe" -E cmake_link_script CMakeFiles\cmTC_8e3ca.dir\link.txt --verbose=1
C:\Users\redmar\Downloads\emsdk-portable\emsdk\emscripten\1.37.38\emcc.bat  -s ERROR_ON_UNDEFINED_SYMBOLS=1    @CMakeFiles\cmTC_8e3ca.dir\objects1.rsp  -o cmTC_8e3ca.js 
INFO:root:generating system library: dlmalloc.bc... (this will be cached in "C:\Users\redmar\.emscripten_cache\asmjs\dlmalloc.bc" for subsequent builds)
INFO:root: - ok
INFO:root:generating system library: libc.bc... (this will be cached in "C:\Users\redmar\.emscripten_cache\asmjs\libc.bc" for subsequent builds)
INFO:root: - ok
mingw32-make.exe[1]: Leaving directory 'D:/rewrite/CMakeFiles/CMakeTmp'

File D:/rewrite/CMakeFiles/CMakeTmp/CheckSymbolExists.c:
/* */
#include <pthread.h>

int main(int argc, char** argv)
{
  (void)argv;
#ifndef pthread_create
  return ((int*)(&pthread_create))[argc];
#else
  (void)argc;
  return 0;
#endif
}

